<?xml version="1.0" encoding="UTF-8"?>
<!-- Generated by org.testng.reporters.JUnitReportReporter -->
<testsuite hostname="LAPTOP-KK246M4D" failures="0" tests="1" name="com.automation.testsuite.CreateAccountPageTest" time="16.186" errors="0" timestamp="2021-12-07T06:24:33 GMT" skipped="0">
  <testcase classname="com.automation.testsuite.CreateAccountPageTest" name="verifyThatUserShouldCreateAccountSuccessfully" time="16.186"/>
  <system-out>
    <![CDATA[Clicking on SignIn[[ChromeDriver: chrome on WINDOWS (fb76dfeb20db0a2d4c93876b5e0c914b)] -> xpath: //a[contains(text(),'Sign in')]]<br>
Entering the email : [[ChromeDriver: chrome on WINDOWS (fb76dfeb20db0a2d4c93876b5e0c914b)] -> xpath: //input[@id='email_create']]<br>
Clicking on create account[[ChromeDriver: chrome on WINDOWS (fb76dfeb20db0a2d4c93876b5e0c914b)] -> xpath: //button[@id='SubmitCreate']]<br>
Entering firstname[[ChromeDriver: chrome on WINDOWS (fb76dfeb20db0a2d4c93876b5e0c914b)] -> xpath: //input[@id='customer_firstname']]<br>
Entering lastname[[ChromeDriver: chrome on WINDOWS (fb76dfeb20db0a2d4c93876b5e0c914b)] -> xpath: //input[@id='customer_lastname']]<br>
Entering password[[ChromeDriver: chrome on WINDOWS (fb76dfeb20db0a2d4c93876b5e0c914b)] -> xpath: //input[@id='passwd']]<br>
Entering address[[ChromeDriver: chrome on WINDOWS (fb76dfeb20db0a2d4c93876b5e0c914b)] -> xpath: //input[@id='address1']]<br>
Entering city[[ChromeDriver: chrome on WINDOWS (fb76dfeb20db0a2d4c93876b5e0c914b)] -> xpath: //input[@id='city']]<br>
Selecting the state[[ChromeDriver: chrome on WINDOWS (fb76dfeb20db0a2d4c93876b5e0c914b)] -> xpath: //select[@id='id_state']]<br>
Entering postalcode[[ChromeDriver: chrome on WINDOWS (fb76dfeb20db0a2d4c93876b5e0c914b)] -> xpath: //input[@id='postcode']]<br>
Entering contact number[[ChromeDriver: chrome on WINDOWS (fb76dfeb20db0a2d4c93876b5e0c914b)] -> xpath: //input[@id='phone_mobile']]<br>
Clicking on register link[[ChromeDriver: chrome on WINDOWS (fb76dfeb20db0a2d4c93876b5e0c914b)] -> xpath: //button[@id='submitAccount']]<br>
Verifying the message[[ChromeDriver: chrome on WINDOWS (fb76dfeb20db0a2d4c93876b5e0c914b)] -> xpath: //h1[contains(text(),'My account')]]<br>]]>
  </system-out>
</testsuite> <!-- com.automation.testsuite.CreateAccountPageTest -->
